Name: 卡酷少儿, URL: http://[2409:8087:1a01:df::4077]/ottrrs.hl.chinamobile.com/PLTV/88888888/8/3221225654/index.m3u8, Date: None, Resolution: None, Response Time: 4029 ms
Name: CCTV-1, URL: http://[2409:8087:1a01:df::4077]/ottrrs.hl.chinamobile.com/PLTV/88888888/8/3221226016/index.m3u8, Date: None, Resolution: None, Response Time: 4029 ms
Name: CCTV-1, URL: http://[2409:8087:1a01:df::4077]/ottrrs.hl.chinamobile.com/PLTV/88888888/224/3221226016/index.m3u8, Date: None, Resolution: None, Response Time: 4029 ms
Name: CCTV-1, URL: http://[2409:8087:1a01:df::4077]/ottrrs.hl.chinamobile.com/yinhe/88888888/224/3221226016/index.m3u8, Date: None, Resolution: None, Response Time: 4029 ms
Name: CCTV-1, URL: http://[2409:8087:1a01:df::4077]:80/ottrrs.hl.chinamobile.com/PLTV/88888888/224/3221226016/index.m3u8, Date: None, Resolution: None, Response Time: 4029 ms
Name: CCTV-1, URL: http://[2409:8087:1a01:df::4077]/ottrrs.hl.chinamobile.com/PLTV/88888888/224/3221226016/index.m3u8?, Date: None, Resolution: None, Response Time: 4029 ms
Name: CCTV-1, URL: http://[2409:8087:1a01:df::4077]/ottrrs.hl.chinamobile.com/PLTV/88888888/224/3221226016/1.m3u8?icpid=88888888&from=1&hms_devid=1012&vqe=3, Date: None, Resolution: None, Response Time: 4029 ms
Name: CCTV-1, URL: http://[2409:8087:1a01:df::4077]/PLTV/88888888/224/3221225816/index.m3u8, Date: None, Resolution: None, Response Time: 4029 ms
Name: CCTV-1, URL: http://[2409:8087:1a01:df::4077]/ottrrs.hl.chinamobile.com/PLTV/88888888/224/3221226016/1.m3u8?, Date: None, Resolution: None, Response Time: 4029 ms
Name: CCTV-2, URL: http://[2409:8087:1a01:df::4077]/ottrrs.hl.chinamobile.com/PLTV/88888888/8/3221225588/index.m3u8, Date: None, Resolution: None, Response Time: 4029 ms
Name: CCTV-2, URL: http://[2409:8087:1a01:df::4077]/ottrrs.hl.chinamobile.com/yinhe/88888888/8/3221225588/index.m3u8, Date: None, Resolution: None, Response Time: 4029 ms
Name: CCTV-2, URL: http://[2409:8087:1a01:df::4077]/ottrrs.hl.chinamobile.com/PLTV/88888888/8/3221225588/index.m3u8?, Date: None, Resolution: None, Response Time: 4029 ms
Name: CCTV-3, URL: http://[2409:8087:1a01:df::4077]/ottrrs.hl.chinamobile.com/yinhe/88888888/224/3221226021/index.m3u8, Date: None, Resolution: None, Response Time: 4029 ms
Name: CCTV-3, URL: http://[2409:8087:1a01:df::4077]/ottrrs.hl.chinamobile.com/PLTV/88888888/8/3221226021/index.m3u8, Date: None, Resolution: None, Response Time: 4029 ms
Name: CCTV-3, URL: http://[2409:8087:1a01:df::4077]/ottrrs.hl.chinamobile.com/PLTV/88888888/224/3221226021/index.m3u8, Date: None, Resolution: None, Response Time: 4029 ms
Name: CCTV-3, URL: http://[2409:8087:1a01:df::4077]/ottrrs.hl.chinamobile.com/PLTV/88888888/8/3221226021/index.m3u8?, Date: None, Resolution: None, Response Time: 4029 ms
Name: CCTV-3, URL: http://[2409:8087:1a01:df::4077]:80/ottrrs.hl.chinamobile.com/PLTV/88888888/224/3221226021/index.m3u8, Date: None, Resolution: None, Response Time: 4029 ms
Name: CCTV-3, URL: http://[2409:8087:1a01:df::4077]:80/PLTV/88888888/224/3221225799/index.m3u8, Date: None, Resolution: None, Response Time: 4029 ms
Name: CCTV-3, URL: http://[2409:8087:1a01:df::4077]/PLTV/88888888/224/3221225799/index.m3u8, Date: None, Resolution: None, Response Time: 4029 ms
Name: CCTV-3, URL: http://[2409:8087:1a01:df::4077]/ottrrs.hl.chinamobile.com/PLTV/88888888/224/3221226021/1.m3u8?icpid=88888888&from=1&hms_devid=1012&vqe=3, Date: None, Resolution: None, Response Time: 4029 ms
Name: CCTV-4, URL: http://[2409:8087:1a01:df::4077]/ottrrs.hl.chinamobile.com/PLTV/88888888/8/3221226007/index.m3u8, Date: None, Resolution: None, Response Time: 4029 ms
Name: CCTV-4, URL: http://[2409:8087:1a01:df::4077]/ottrrs.hl.chinamobile.com/yinhe/88888888/8/3221226007/index.m3u8, Date: None, Resolution: None, Response Time: 4029 ms
Name: CCTV-4, URL: http://[2409:8087:1a01:df::4077]/ottrrs.hl.chinamobile.com/PLTV/88888888/8/3221226007/index.m3u8?, Date: None, Resolution: None, Response Time: 4029 ms
Name: CCTV-5, URL: http://[2409:8087:1a01:df::4077]/ottrrs.hl.chinamobile.com/yinhe/88888888/224/3221226019/index.m3u8, Date: None, Resolution: None, Response Time: 4029 ms
Name: CCTV-5, URL: http://[2409:8087:1a01:df::4077]:80/ottrrs.hl.chinamobile.com/PLTV/88888888/224/3221226019/index.m3u8, Date: None, Resolution: None, Response Time: 4029 ms
Name: CCTV-5, URL: http://[2409:8087:1a01:df::4077]/ottrrs.hl.chinamobile.com/PLTV/88888888/224/3221226019/index.m3u8, Date: None, Resolution: None, Response Time: 4029 ms
Name: CCTV-5, URL: http://[2409:8087:1a01:df::4077]:80/ottrrs.hl.chinamobile.com/TVOD/88888888/224/3221226019/index.m3u8, Date: None, Resolution: None, Response Time: 4029 ms
Name: CCTV-5, URL: http://[2409:8087:1a01:df::4077]/ottrrs.hl.chinamobile.com/PLTV/88888888/8/3221226019/index.m3u8, Date: None, Resolution: None, Response Time: 4029 ms
Name: CCTV-5, URL: http://[2409:8087:1a01:df::4077]/ottrrs.hl.chinamobile.com/PLTV/88888888/8/3221226019/index.m3u8?, Date: None, Resolution: None, Response Time: 4029 ms
Name: CCTV-5, URL: http://[2409:8087:1a01:df::4077]/ottrrs.hl.chinamobile.com/PLTV/88888888/8/3221225603/index.m3u8, Date: None, Resolution: None, Response Time: 4029 ms
Name: CCTV-5, URL: http://[2409:8087:1a01:df::4077]/PLTV/88888888/224/3221225818/index.m3u8, Date: None, Resolution: None, Response Time: 4029 ms
Name: CCTV-5, URL: http://[2409:8087:1a01:df::4077]/ottrrs.hl.chinamobile.com/PLTV/88888888/224/3221226019/1.m3u8?icpid=88888888&from=1&hms_devid=1012&vqe=3, Date: None, Resolution: None, Response Time: 4029 ms
Name: CCTV-5, URL: http://[2409:8087:1a01:df::4077]/ottrrs.hl.chinamobile.com/PLTV/88888888/8/3221226469/index.m3u8, Date: None, Resolution: None, Response Time: 4029 ms
Name: CCTV-5+, URL: http://[2409:8087:1a01:df::4077]/ottrrs.hl.chinamobile.com/PLTV/88888888/224/3221225603/index.m3u8, Date: None, Resolution: None, Response Time: 4029 ms
Name: CCTV-5+, URL: http://[2409:8087:1a01:df::4077]/ottrrs.hl.chinamobile.com/PLTV/88888888/8/3221225603/index.m3u8, Date: None, Resolution: None, Response Time: 4029 ms
Name: CCTV-5+, URL: http://[2409:8087:1a01:df::4077]/ottrrs.hl.chinamobile.com/yinhe/88888888/224/3221225603/index.m3u8, Date: None, Resolution: None, Response Time: 4029 ms
Name: CCTV-5+, URL: http://[2409:8087:1a01:df::4077]/ottrrs.hl.chinamobile.com/PLTV/88888888/8/3221225603/index.m3u8?, Date: None, Resolution: None, Response Time: 4029 ms
Name: CCTV-5+, URL: http://[2409:8087:1a01:df::4077]:80/PLTV/88888888/224/3221225507/index.m3u8, Date: None, Resolution: None, Response Time: 4029 ms
Name: CCTV-5+, URL: http://[2409:8087:1a01:df::4077]/PLTV/88888888/224/3221225507/index.m3u8, Date: None, Resolution: None, Response Time: 4029 ms
Name: CCTV-6, URL: http://[2409:8087:1a01:df::4077]/ottrrs.hl.chinamobile.com/PLTV/88888888/8/3221226010/index.m3u8?, Date: None, Resolution: None, Response Time: 4029 ms
Name: CCTV-6, URL: http://[2409:8087:1a01:df::4077]:80/ottrrs.hl.chinamobile.com/PLTV/88888888/224/3221226010/index.m3u8, Date: None, Resolution: None, Response Time: 4029 ms
Name: CCTV-6, URL: http://[2409:8087:1a01:df::4077]:80/ottrrs.hl.chinamobile.com/TVOD/88888888/224/3221226010/index.m3u8, Date: None, Resolution: None, Response Time: 4029 ms
Name: CCTV-6, URL: http://[2409:8087:1a01:df::4077]/ottrrs.hl.chinamobile.com/PLTV/88888888/8/3221226010/index.m3u8, Date: None, Resolution: None, Response Time: 4029 ms
Name: CCTV-6, URL: http://[2409:8087:1a01:df::4077]/ottrrs.hl.chinamobile.com/yinhe/88888888/224/3221226010/index.m3u8, Date: None, Resolution: None, Response Time: 4029 ms
Name: CCTV-6, URL: http://[2409:8087:1a01:df::4077]/ottrrs.hl.chinamobile.com/PLTV/88888888/224/3221226010/index.m3u8, Date: None, Resolution: None, Response Time: 4029 ms
Name: CCTV-6, URL: http://[2409:8087:1a01:df::4077]/ottrrs.hl.chinamobile.com/PLTV/88888888/224/3221226010/1.m3u8?icpid=88888888&from=1&hms_devid=1012&vqe=3, Date: None, Resolution: None, Response Time: 4029 ms
Name: CCTV-6, URL: http://[2409:8087:1a01:df::4077]/PLTV/88888888/224/3221225814/index.m3u8, Date: None, Resolution: None, Response Time: 4029 ms
Name: CCTV-7, URL: http://[2409:8087:1a01:df::4077]:80/ottrrs.hl.chinamobile.com/PLTV/88888888/224/3221225733/index.m3u8, Date: None, Resolution: None, Response Time: 4029 ms
Name: CCTV-7, URL: http://[2409:8087:1a01:df::4077]/ottrrs.hl.chinamobile.com/PLTV/88888888/224/3221225733/1.m3u8?icpid=88888888&from=1&hms_devid=1012&vqe=3, Date: None, Resolution: None, Response Time: 4029 ms
Name: CCTV-7, URL: http://[2409:8087:1a01:df::4077]/ottrrs.hl.chinamobile.com/yinhe/88888888/224/3221225733/index.m3u8, Date: None, Resolution: None, Response Time: 4029 ms
Name: CCTV-7, URL: http://[2409:8087:1a01:df::4077]/ottrrs.hl.chinamobile.com/PLTV/88888888/224/3221225733/index.m3u8, Date: None, Resolution: None, Response Time: 4029 ms
Name: CCTV-7, URL: http://[2409:8087:1a01:df::4077]/ottrrs.hl.chinamobile.com/PLTV/88888888/8/3221225733/index.m3u8?, Date: None, Resolution: None, Response Time: 4029 ms
Name: CCTV-7, URL: http://[2409:8087:1a01:df::4077]/ottrrs.hl.chinamobile.com/PLTV/88888888/8/3221225733/index.m3u8, Date: None, Resolution: None, Response Time: 4029 ms
Name: CCTV-7, URL: http://[2409:8087:1a01:df::4077]/PLTV/88888888/224/3221225671/index.m3u8, Date: None, Resolution: None, Response Time: 4029 ms
Name: CCTV-8, URL: http://[2409:8087:1a01:df::4077]:80/ottrrs.hl.chinamobile.com/PLTV/88888888/224/3221226008/index.m3u8, Date: None, Resolution: None, Response Time: 4029 ms
Name: CCTV-8, URL: http://[2409:8087:1a01:df::4077]/ottrrs.hl.chinamobile.com/PLTV/88888888/224/3221226008/index.m3u8?, Date: None, Resolution: None, Response Time: 4029 ms
Name: CCTV-8, URL: http://[2409:8087:1a01:df::4077]/ottrrs.hl.chinamobile.com/yinhe/88888888/224/3221226008/index.m3u8, Date: None, Resolution: None, Response Time: 4029 ms
Name: CCTV-8, URL: http://[2409:8087:1a01:df::4077]/ottrrs.hl.chinamobile.com/PLTV/88888888/8/3221226008/index.m3u8, Date: None, Resolution: None, Response Time: 4029 ms
Name: CCTV-8, URL: http://[2409:8087:1a01:df::4077]:80/ottrrs.hl.chinamobile.com/TVOD/88888888/224/3221226008/index.m3u8, Date: None, Resolution: None, Response Time: 4029 ms
Name: CCTV-8, URL: http://[2409:8087:1a01:df::4077]/ottrrs.hl.chinamobile.com/PLTV/88888888/224/3221226008/index.m3u8, Date: None, Resolution: None, Response Time: 4029 ms
Name: CCTV-8, URL: http://[2409:8087:1a01:df::4077]/PLTV/88888888/224/3221225795/index.m3u8, Date: None, Resolution: None, Response Time: 4029 ms
Name: CCTV-8, URL: http://[2409:8087:1a01:df::4077]/ottrrs.hl.chinamobile.com/PLTV/88888888/224/3221226008/1.m3u8?icpid=88888888&from=1&hms_devid=1012&vqe=3, Date: None, Resolution: None, Response Time: 4029 ms
Name: CCTV-9, URL: http://[2409:8087:1a01:df::4077]/ottrrs.hl.chinamobile.com/PLTV/88888888/8/3221225734/index.m3u8?, Date: None, Resolution: None, Response Time: 4029 ms
Name: CCTV-9, URL: http://[2409:8087:1a01:df::4077]:80/ottrrs.hl.chinamobile.com/PLTV/88888888/224/3221225734/index.m3u8, Date: None, Resolution: None, Response Time: 4029 ms
Name: CCTV-9, URL: http://[2409:8087:1a01:df::4077]/ottrrs.hl.chinamobile.com/yinhe/88888888/224/3221225734/index.m3u8, Date: None, Resolution: None, Response Time: 4029 ms
Name: CCTV-9, URL: http://[2409:8087:1a01:df::4077]/ottrrs.hl.chinamobile.com/PLTV/88888888/8/3221225734/index.m3u8, Date: None, Resolution: None, Response Time: 4029 ms
Name: CCTV-9, URL: http://[2409:8087:1a01:df::4077]/ottrrs.hl.chinamobile.com/PLTV/88888888/224/3221225734/index.m3u8, Date: None, Resolution: None, Response Time: 4029 ms
Name: CCTV-9, URL: http://[2409:8087:1a01:df::4077]:80/ottrrs.hl.chinamobile.com/TVOD/88888888/224/3221225734/index.m3u8, Date: None, Resolution: None, Response Time: 4029 ms
Name: CCTV-9, URL: http://[2409:8087:1a01:df::4077]/PLTV/88888888/224/3221225676/index.m3u8, Date: None, Resolution: None, Response Time: 4029 ms
Name: CCTV-9, URL: http://[2409:8087:1a01:df::4077]/ottrrs.hl.chinamobile.com/PLTV/88888888/224/3221225734/1.m3u8?icpid=88888888&from=1&hms_devid=1012&vqe=3, Date: None, Resolution: None, Response Time: 4029 ms
Name: CCTV-10, URL: http://[2409:8087:1a01:df::4077]/ottrrs.hl.chinamobile.com/PLTV/88888888/8/3221225730/index.m3u8?, Date: None, Resolution: None, Response Time: 4029 ms
Name: CCTV-10, URL: http://[2409:8087:1a01:df::4077]/ottrrs.hl.chinamobile.com/yinhe/88888888/224/3221225730/index.m3u8, Date: None, Resolution: None, Response Time: 4029 ms
Name: CCTV-10, URL: http://[2409:8087:1a01:df::4077]/ottrrs.hl.chinamobile.com/PLTV/88888888/8/3221225730/index.m3u8, Date: None, Resolution: None, Response Time: 4029 ms
Name: CCTV-10, URL: http://[2409:8087:1a01:df::4077]/ottrrs.hl.chinamobile.com/PLTV/88888888/224/3221225730/1.m3u8?icpid=88888888&from=1&hms_devid=1012&vqe=3, Date: None, Resolution: None, Response Time: 4029 ms
Name: CCTV-10, URL: http://[2409:8087:1a01:df::4077]/ottrrs.hl.chinamobile.com/PLTV/88888888/224/3221225730/index.m3u8, Date: None, Resolution: None, Response Time: 4029 ms
Name: CCTV-10, URL: http://[2409:8087:1a01:df::4077]:80/ottrrs.hl.chinamobile.com/PLTV/88888888/224/3221225730/index.m3u8, Date: None, Resolution: None, Response Time: 4029 ms
Name: CCTV-10, URL: http://[2409:8087:1a01:df::4077]/PLTV/88888888/224/3221225677/index.m3u8, Date: None, Resolution: None, Response Time: 4029 ms
Name: CCTV-10, URL: http://[2409:8087:1a01:df::4077]:80/PLTV/88888888/224/3221225677/index.m3u8, Date: None, Resolution: None, Response Time: 4029 ms
Name: CCTV-11, URL: http://[2409:8087:1a01:df::4077]/ottrrs.hl.chinamobile.com/PLTV/88888888/224/3221225597/index.m3u8, Date: None, Resolution: None, Response Time: 4029 ms
Name: CCTV-11, URL: http://[2409:8087:1a01:df::4077]/ottrrs.hl.chinamobile.com/PLTV/88888888/8/3221225597/index.m3u8, Date: None, Resolution: None, Response Time: 4029 ms
Name: CCTV-11, URL: http://[2409:8087:1a01:df::4077]/ottrrs.hl.chinamobile.com/yinhe/88888888/224/3221225597/index.m3u8, Date: None, Resolution: None, Response Time: 4029 ms
Name: CCTV-11, URL: http://[2409:8087:1a01:df::4077]:80/ottrrs.hl.chinamobile.com/PLTV/88888888/224/3221225597/index.m3u8, Date: None, Resolution: None, Response Time: 4029 ms
Name: CCTV-11, URL: http://[2409:8087:1a01:df::4077]/ottrrs.hl.chinamobile.com/PLTV/88888888/8/3221225597/index.m3u8?, Date: None, Resolution: None, Response Time: 4029 ms
Name: CCTV-11, URL: http://[2409:8087:1a01:df::4077]/PLTV/88888888/224/3221225517/index.m3u8, Date: None, Resolution: None, Response Time: 4029 ms
Name: CCTV-12, URL: http://[2409:8087:1a01:df::4077]/ottrrs.hl.chinamobile.com/PLTV/88888888/8/3221225731/index.m3u8?, Date: None, Resolution: None, Response Time: 4029 ms
Name: CCTV-12, URL: http://[2409:8087:1a01:df::4077]:80/ottrrs.hl.chinamobile.com/TVOD/88888888/224/3221225731/index.m3u8, Date: None, Resolution: None, Response Time: 4029 ms
Name: CCTV-12, URL: http://[2409:8087:1a01:df::4077]/ottrrs.hl.chinamobile.com/yinhe/88888888/224/3221225731/index.m3u8, Date: None, Resolution: None, Response Time: 4029 ms
Name: CCTV-12, URL: http://[2409:8087:1a01:df::4077]/ottrrs.hl.chinamobile.com/PLTV/88888888/8/3221225731/index.m3u8, Date: None, Resolution: None, Response Time: 4029 ms
Name: CCTV-12, URL: http://[2409:8087:1a01:df::4077]/ottrrs.hl.chinamobile.com/PLTV/88888888/224/3221225731/index.m3u8, Date: None, Resolution: None, Response Time: 4029 ms
Name: CCTV-12, URL: http://[2409:8087:1a01:df::4077]:80/ottrrs.hl.chinamobile.com/PLTV/88888888/224/3221225731/index.m3u8, Date: None, Resolution: None, Response Time: 4029 ms
Name: CCTV-12, URL: http://[2409:8087:1a01:df::4077]/PLTV/88888888/224/3221225669/index.m3u8, Date: None, Resolution: None, Response Time: 4029 ms
Name: CCTV-13, URL: http://[2409:8087:1a01:df::4077]/ottrrs.hl.chinamobile.com/PLTV/88888888/224/3221226011/index.m3u8, Date: None, Resolution: None, Response Time: 4029 ms
Name: CCTV-13, URL: http://[2409:8087:1a01:df::4077]/ottrrs.hl.chinamobile.com/yinhe/88888888/224/3221226011/index.m3u8, Date: None, Resolution: None, Response Time: 4029 ms
Name: CCTV-13, URL: http://[2409:8087:1a01:df::4077]/ottrrs.hl.chinamobile.com/PLTV/88888888/8/3221226011/index.m3u8, Date: None, Resolution: None, Response Time: 4029 ms
Name: CCTV-13, URL: http://[2409:8087:1a01:df::4077]/ottrrs.hl.chinamobile.com/PLTV/88888888/8/3221226011/index.m3u8?, Date: None, Resolution: None, Response Time: 4029 ms
Name: CCTV-13, URL: http://[2409:8087:1a01:df::4077]:80/ottrrs.hl.chinamobile.com/PLTV/88888888/224/3221226011/index.m3u8, Date: None, Resolution: None, Response Time: 4029 ms
Name: CCTV-13, URL: http://[2409:8087:1a01:df::4077]/PLTV/88888888/224/3221225812/index.m3u8, Date: None, Resolution: None, Response Time: 4029 ms
Name: CCTV-14, URL: http://[2409:8087:1a01:df::4077]/ottrrs.hl.chinamobile.com/PLTV/88888888/224/3221225732/index.m3u8, Date: None, Resolution: None, Response Time: 4029 ms
Name: CCTV-14, URL: http://[2409:8087:1a01:df::4077]:80/ottrrs.hl.chinamobile.com/TVOD/88888888/224/3221225732/index.m3u8, Date: None, Resolution: None, Response Time: 4029 ms
Name: CCTV-14, URL: http://[2409:8087:1a01:df::4077]/ottrrs.hl.chinamobile.com/PLTV/88888888/8/3221225732/index.m3u8?, Date: None, Resolution: None, Response Time: 4029 ms
Name: CCTV-14, URL: http://[2409:8087:1a01:df::4077]/ottrrs.hl.chinamobile.com/yinhe/88888888/224/3221225732/index.m3u8, Date: None, Resolution: None, Response Time: 4029 ms
Name: CCTV-14, URL: http://[2409:8087:1a01:df::4077]/ottrrs.hl.chinamobile.com/PLTV/88888888/8/3221225732/index.m3u8, Date: None, Resolution: None, Response Time: 4029 ms
Name: CCTV-14, URL: http://[2409:8087:1a01:df::4077]:80/ottrrs.hl.chinamobile.com/PLTV/88888888/224/3221225732/index.m3u8, Date: None, Resolution: None, Response Time: 4029 ms
Name: CCTV-14, URL: http://[2409:8087:1a01:df::4077]/PLTV/88888888/224/3221225674/index.m3u8, Date: None, Resolution: None, Response Time: 4029 ms
Name: CCTV-14, URL: http://[2409:8087:1a01:df::4077]/ottrrs.hl.chinamobile.com/PLTV/88888888/224/3221225732/1.m3u8?icpid=88888888&from=1&hms_devid=1012&vqe=3, Date: None, Resolution: None, Response Time: 4029 ms
Name: CCTV-15, URL: http://[2409:8087:1a01:df::4077]:80/ottrrs.hl.chinamobile.com/PLTV/88888888/224/3221225601/index.m3u8, Date: None, Resolution: None, Response Time: 4029 ms
Name: CCTV-15, URL: http://[2409:8087:1a01:df::4077]/ottrrs.hl.chinamobile.com/PLTV/88888888/224/3221225601/index.m3u8, Date: None, Resolution: None, Response Time: 4029 ms
Name: CCTV-15, URL: http://[2409:8087:1a01:df::4077]/ottrrs.hl.chinamobile.com/PLTV/88888888/224/3221225601/index.m3u8?, Date: None, Resolution: None, Response Time: 4029 ms
Name: CCTV-15, URL: http://[2409:8087:1a01:df::4077]/ottrrs.hl.chinamobile.com/PLTV/88888888/8/3221225601/index.m3u8, Date: None, Resolution: None, Response Time: 4029 ms
Name: CCTV-15, URL: http://[2409:8087:1a01:df::4077]/ottrrs.hl.chinamobile.com/yinhe/88888888/224/3221225601/index.m3u8, Date: None, Resolution: None, Response Time: 4029 ms
Name: CCTV-15, URL: http://[2409:8087:1a01:df::4077]/PLTV/88888888/224/3221225513/index.m3u8, Date: None, Resolution: None, Response Time: 4029 ms
Name: CCTV-16, URL: http://[2409:8087:1a01:df::4077]:80/ottrrs.hl.chinamobile.com/PLTV/88888888/224/3221226100/index.m3u8, Date: None, Resolution: None, Response Time: 4029 ms
Name: CCTV-16, URL: http://[2409:8087:1a01:df::4077]/ottrrs.hl.chinamobile.com/yinhe/88888888/224/3221226100/index.m3u8, Date: None, Resolution: None, Response Time: 4029 ms
Name: CCTV-16, URL: http://[2409:8087:1a01:df::4077]/ottrrs.hl.chinamobile.com/PLTV/88888888/224/3221226100/index.m3u8, Date: None, Resolution: None, Response Time: 4029 ms
Name: CCTV-16, URL: http://[2409:8087:1a01:df::4077]/ottrrs.hl.chinamobile.com/PLTV/88888888/8/3221226100/index.m3u8, Date: None, Resolution: None, Response Time: 4029 ms
Name: CCTV-16, URL: http://[2409:8087:1a01:df::4077]/ottrrs.hl.chinamobile.com/PLTV/88888888/8/3221226100/index.m3u8?, Date: None, Resolution: None, Response Time: 4029 ms
Name: CCTV-16, URL: http://[2409:8087:1a01:df::4077]:80/PLTV/88888888/224/3221225893/index.m3u8, Date: None, Resolution: None, Response Time: 4029 ms
Name: CCTV-16, URL: http://[2409:8087:1a01:df::4077]/PLTV/88888888/224/3221225893/index.m3u8, Date: None, Resolution: None, Response Time: 4029 ms
Name: CCTV-16, URL: http://[2409:8087:1a01:df::4077]/ottrrs.hl.chinamobile.com/PLTV/88888888/224/3221226100/1.m3u8?icpid=88888888&from=1&hms_devid=1012&vqe=3, Date: None, Resolution: None, Response Time: 4029 ms
Name: CCTV-17, URL: http://[2409:8087:1a01:df::4077]:80/ottrrs.hl.chinamobile.com/PLTV/88888888/224/3221225765/index.m3u8, Date: None, Resolution: None, Response Time: 4029 ms
Name: CCTV-17, URL: http://[2409:8087:1a01:df::4077]/ottrrs.hl.chinamobile.com/PLTV/88888888/8/3221225765/index.m3u8CCTV1, Date: None, Resolution: None, Response Time: 4029 ms
Name: CCTV-17, URL: http://[2409:8087:1a01:df::4077]/ottrrs.hl.chinamobile.com/PLTV/88888888/8/3221225765/index.m3u8?, Date: None, Resolution: None, Response Time: 4029 ms
Name: CCTV-17, URL: http://[2409:8087:1a01:df::4077]/ottrrs.hl.chinamobile.com/PLTV/88888888/224/3221225765/1.m3u8?icpid=88888888&from=1&hms_devid=1012&vqe=3, Date: None, Resolution: None, Response Time: 4029 ms
Name: CCTV-17, URL: http://[2409:8087:1a01:df::4077]/ottrrs.hl.chinamobile.com/PLTV/88888888/224/3221225765/index.m3u8, Date: None, Resolution: None, Response Time: 4029 ms
Name: CCTV-17, URL: http://[2409:8087:1a01:df::4077]/ottrrs.hl.chinamobile.com/PLTV/88888888/8/3221225765/index.m3u8, Date: None, Resolution: None, Response Time: 4029 ms
Name: CCTV-17, URL: http://[2409:8087:1a01:df::4077]/PLTV/88888888/224/3221225708/index.m3u8, Date: None, Resolution: None, Response Time: 4029 ms
Name: 广东卫视, URL: http://[2409:8087:1a01:df::4077]/ottrrs.hl.chinamobile.com/yinhe/88888888/224/3221226248/index.m3u8, Date: None, Resolution: None, Response Time: 4029 ms
Name: 广东卫视, URL: http://[2409:8087:1a01:df::4077]/ottrrs.hl.chinamobile.com/PLTV/88888888/224/3221226248/index.m3u8, Date: None, Resolution: None, Response Time: 4029 ms
Name: 广东卫视, URL: http://[2409:8087:1a01:df::4077]/ottrrs.hl.chinamobile.com/PLTV/88888888/8/3221226248/index.m3u8, Date: None, Resolution: None, Response Time: 4029 ms
Name: 广东卫视, URL: http://[2409:8087:1a01:df::4077]:80/ottrrs.hl.chinamobile.com/PLTV/88888888/224/3221226248/index.m3u8, Date: None, Resolution: None, Response Time: 4029 ms
Name: 广东卫视, URL: http://[2409:8087:1a01:df::4077]/ottrrs.hl.chinamobile.com/PLTV/88888888/224/3221226248/index.m3u8?, Date: None, Resolution: None, Response Time: 4029 ms
Name: 广东卫视, URL: http://[2409:8087:1a01:df::4077]/ottrrs.hl.chinamobile.com/PLTV/88888888/224/3221226248/1.m3u8?icpid=88888888&from=1&hms_devid=1012&vqe=3, Date: None, Resolution: None, Response Time: 4029 ms
Name: 广东卫视, URL: http://[2409:8087:1a01:df::4077]/PLTV/88888888/224/3221225966/index.m3u8, Date: None, Resolution: None, Response Time: 4029 ms
Name: 浙江卫视, URL: http://[2409:8087:1a01:df::4077]/ottrrs.hl.chinamobile.com/PLTV/88888888/224/3221226339/index.m3u8, Date: None, Resolution: None, Response Time: 4029 ms
Name: 浙江卫视, URL: http://[2409:8087:1a01:df::4077]/ottrrs.hl.chinamobile.com/yinhe/88888888/224/3221226339/index.m3u8, Date: None, Resolution: None, Response Time: 4029 ms
Name: 浙江卫视, URL: http://[2409:8087:1a01:df::4077]:80/ottrrs.hl.chinamobile.com/PLTV/88888888/224/3221226339/index.m3u8, Date: None, Resolution: None, Response Time: 4029 ms
Name: 浙江卫视, URL: http://[2409:8087:1a01:df::4077]/ottrrs.hl.chinamobile.com/PLTV/88888888/8/3221226339/index.m3u8, Date: None, Resolution: None, Response Time: 4029 ms
Name: 浙江卫视, URL: http://[2409:8087:1a01:df::4077]/ottrrs.hl.chinamobile.com/PLTV/88888888/8/3221226342/index.m3u8, Date: None, Resolution: None, Response Time: 4029 ms
Name: 浙江卫视, URL: http://[2409:8087:1a01:df::4077]/PLTV/88888888/224/3221225959/index.m3u8, Date: None, Resolution: None, Response Time: 4029 ms
Name: 浙江卫视, URL: http://[2409:8087:1a01:df::4077]/ottrrs.hl.chinamobile.com/PLTV/88888888/224/3221226339/1.m3u8?icpid=88888888&from=1&hms_devid=1012&vqe=3, Date: None, Resolution: None, Response Time: 4029 ms
Name: 湖南卫视, URL: http://[2409:8087:1a01:df::4077]/PLTV/88888888/224/3221226000/index.m3u8, Date: None, Resolution: None, Response Time: 4029 ms
Name: 湖南卫视, URL: http://[2409:8087:1a01:df::4077]/ottrrs.hl.chinamobile.com/PLTV/88888888/8/3221226430/index.m3u8, Date: None, Resolution: None, Response Time: 4029 ms
Name: 北京卫视, URL: http://[2409:8087:1a01:df::4077]/ottrrs.hl.chinamobile.com/yinhe/88888888/224/3221226450/index.m3u8, Date: None, Resolution: None, Response Time: 4029 ms
Name: 北京卫视, URL: http://[2409:8087:1a01:df::4077]/ottrrs.hl.chinamobile.com/PLTV/88888888/8/3221226450/index.m3u8, Date: None, Resolution: None, Response Time: 4029 ms
Name: 北京卫视, URL: http://[2409:8087:1a01:df::4077]/ottrrs.hl.chinamobile.com/PLTV/88888888/224/3221226450/1.m3u8?icpid=88888888&from=1&hms_devid=1012&vqe=3, Date: None, Resolution: None, Response Time: 4029 ms
Name: 北京卫视, URL: http://[2409:8087:1a01:df::4077]/ottrrs.hl.chinamobile.com/PLTV/88888888/224/3221226450/index.m3u8, Date: None, Resolution: None, Response Time: 4029 ms
Name: 北京卫视, URL: http://[2409:8087:1a01:df::4077]:80/ottrrs.hl.chinamobile.com/PLTV/88888888/224/3221226450/index.m3u8, Date: None, Resolution: None, Response Time: 4029 ms
Name: 北京卫视, URL: http://[2409:8087:1a01:df::4077]/PLTV/88888888/224/3221225931/index.m3u8, Date: None, Resolution: None, Response Time: 4029 ms
Name: 湖北卫视, URL: http://[2409:8087:1a01:df::4077]/ottrrs.hl.chinamobile.com/PLTV/88888888/8/3221226501/index.m3u8, Date: None, Resolution: None, Response Time: 4029 ms
Name: 湖北卫视, URL: http://[2409:8087:1a01:df::4077]/ottrrs.hl.chinamobile.com/PLTV/88888888/8/3221226477/index.m3u8, Date: None, Resolution: None, Response Time: 4029 ms
Name: 湖北卫视, URL: http://[2409:8087:1a01:df::4077]/ottrrs.hl.chinamobile.com/PLTV/88888888/224/3221226477/index.m3u8, Date: None, Resolution: None, Response Time: 4029 ms
Name: 湖北卫视, URL: http://[2409:8087:1a01:df::4077]/PLTV/88888888/224/3221226015/index.m3u8, Date: None, Resolution: None, Response Time: 4029 ms
Name: 湖北卫视, URL: http://[2409:8087:1a01:df::4077]/PLTV/88888888/224/3221225975/index.m3u8, Date: None, Resolution: None, Response Time: 4029 ms
Name: 湖北卫视, URL: http://[2409:8087:1a01:df::4077]/ottrrs.hl.chinamobile.com/PLTV/88888888/224/3221226477/1.m3u8?icpid=88888888&from=1&hms_devid=1012&vqe=3, Date: None, Resolution: None, Response Time: 4029 ms
Name: 黑龙江卫视, URL: http://[2409:8087:1a01:df::4077]/ottrrs.hl.chinamobile.com/yinhe/88888888/8/3221226327/index.m3u8, Date: None, Resolution: None, Response Time: 4029 ms
Name: 黑龙江卫视, URL: http://[2409:8087:1a01:df::4077]:80/ottrrs.hl.chinamobile.com/PLTV/88888888/224/3221226327/index.m3u8, Date: None, Resolution: None, Response Time: 4029 ms
Name: 黑龙江卫视, URL: http://[2409:8087:1a01:df::4077]/ottrrs.hl.chinamobile.com/PLTV/88888888/8/3221226327/index.m3u8, Date: None, Resolution: None, Response Time: 4029 ms
Name: 黑龙江卫视, URL: http://[2409:8087:1a01:df::4077]/ottrrs.hl.chinamobile.com/PLTV/88888888/224/3221226327/index.m3u8, Date: None, Resolution: None, Response Time: 4029 ms
Name: 黑龙江卫视, URL: http://[2409:8087:1a01:df::4077]/ottrrs.hl.chinamobile.com/PLTV/88888888/224/3221225799/index.m3u8, Date: None, Resolution: None, Response Time: 4029 ms
Name: 黑龙江卫视, URL: http://[2409:8087:1a01:df::4077]/PLTV/88888888/224/3221226006/index.m3u8, Date: None, Resolution: None, Response Time: 4029 ms
Name: 黑龙江卫视, URL: http://[2409:8087:1a01:df::4077]/PLTV/88888888/224/3221225985/index.m3u8, Date: None, Resolution: None, Response Time: 4029 ms
Name: 黑龙江卫视, URL: http://[2409:8087:1a01:df::4077]/ottrrs.hl.chinamobile.com/PLTV/88888888/224/3221226327/1.m3u8?icpid=88888888&from=1&hms_devid=1012&vqe=3, Date: None, Resolution: None, Response Time: 4029 ms
Name: 安徽卫视, URL: http://[2409:8087:1a01:df::4077]/ottrrs.hl.chinamobile.com/PLTV/88888888/8/3221226391/index.m3u8, Date: None, Resolution: None, Response Time: 4029 ms
Name: 安徽卫视, URL: http://[2409:8087:1a01:df::4077]/ottrrs.hl.chinamobile.com/yinhe/88888888/224/3221226391/index.m3u8, Date: None, Resolution: None, Response Time: 4029 ms
Name: 安徽卫视, URL: http://[2409:8087:1a01:df::4077]:80/ottrrs.hl.chinamobile.com/PLTV/88888888/224/3221226391/index.m3u8, Date: None, Resolution: None, Response Time: 4029 ms
Name: 安徽卫视, URL: http://[2409:8087:1a01:df::4077]/ottrrs.hl.chinamobile.com/PLTV/88888888/224/3221226391/index.m3u8, Date: None, Resolution: None, Response Time: 4029 ms
Name: 安徽卫视, URL: http://[2409:8087:1a01:df::4077]/ottrrs.hl.chinamobile.com/PLTV/88888888/224/3221226391/1.m3u8?icpid=88888888&from=1&hms_devid=1012&vqe=3, Date: None, Resolution: None, Response Time: 4029 ms
Name: 安徽卫视, URL: http://[2409:8087:1a01:df::4077]/ottrrs.hl.chinamobile.com/PLTV/88888888/8/3221226498/index.m3u8, Date: None, Resolution: None, Response Time: 4029 ms
Name: 安徽卫视, URL: http://[2409:8087:1a01:df::4077]/PLTV/88888888/224/3221225925/index.m3u8, Date: None, Resolution: None, Response Time: 4029 ms
Name: 重庆卫视, URL: http://[2409:8087:1a01:df::4077]/ottrrs.hl.chinamobile.com/PLTV/88888888/8/3221226409/index.m3u8, Date: None, Resolution: None, Response Time: 4029 ms
Name: 重庆卫视, URL: http://[2409:8087:1a01:df::4077]/ottrrs.hl.chinamobile.com/PLTV/88888888/224/3221226409/index.m3u8, Date: None, Resolution: None, Response Time: 4029 ms
Name: 重庆卫视, URL: http://[2409:8087:1a01:df::4077]/ottrrs.hl.chinamobile.com/yinhe/88888888/224/3221226409/index.m3u8, Date: None, Resolution: None, Response Time: 4029 ms
Name: 重庆卫视, URL: http://[2409:8087:1a01:df::4077]:80/ottrrs.hl.chinamobile.com/PLTV/88888888/224/3221226409/index.m3u8, Date: None, Resolution: None, Response Time: 4029 ms
Name: 重庆卫视, URL: http://[2409:8087:1a01:df::4077]/PLTV/88888888/224/3221225963/index.m3u8, Date: None, Resolution: None, Response Time: 4029 ms
Name: 重庆卫视, URL: http://[2409:8087:1a01:df::4077]/ottrrs.hl.chinamobile.com/PLTV/88888888/224/3221226409/1.m3u8?icpid=88888888&from=1&hms_devid=1012&vqe=3, Date: None, Resolution: None, Response Time: 4029 ms
Name: 重庆卫视, URL: http://[2409:8087:1a01:df::4077]/ottrrs.hl.chinamobile.com/PLTV/88888888/8/3221226463/index.m3u8, Date: None, Resolution: None, Response Time: 4029 ms
Name: 东方卫视, URL: http://[2409:8087:1a01:df::4077]:80/ottrrs.hl.chinamobile.com/PLTV/88888888/224/3221226345/index.m3u8, Date: None, Resolution: None, Response Time: 4029 ms
Name: 东方卫视, URL: http://[2409:8087:1a01:df::4077]/ottrrs.hl.chinamobile.com/PLTV/88888888/224/3221226345/index.m3u8, Date: None, Resolution: None, Response Time: 4029 ms
Name: 东方卫视, URL: http://[2409:8087:1a01:df::4077]/ottrrs.hl.chinamobile.com/PLTV/88888888/8/3221226345/index.m3u8, Date: None, Resolution: None, Response Time: 4029 ms
Name: 东方卫视, URL: http://[2409:8087:1a01:df::4077]/ottrrs.hl.chinamobile.com/yinhe/88888888/224/3221226345/index.m3u8, Date: None, Resolution: None, Response Time: 4029 ms
Name: 东方卫视, URL: http://[2409:8087:1a01:df::4077]/PLTV/88888888/224/3221225942/index.m3u8, Date: None, Resolution: None, Response Time: 4029 ms
Name: 东方卫视, URL: http://[2409:8087:1a01:df::4077]/ottrrs.hl.chinamobile.com/PLTV/88888888/224/3221226345/1.m3u8?icpid=88888888&from=1&hms_devid=1012&vqe=3, Date: None, Resolution: None, Response Time: 4029 ms
Name: 东南卫视, URL: http://[2409:8087:1a01:df::4077]/ottrrs.hl.chinamobile.com/yinhe/88888888/224/3221226341/index.m3u8, Date: None, Resolution: None, Response Time: 4029 ms
Name: 东南卫视, URL: http://[2409:8087:1a01:df::4077]/ottrrs.hl.chinamobile.com/PLTV/88888888/224/3221226341/index.m3u8, Date: None, Resolution: None, Response Time: 4029 ms
Name: 东南卫视, URL: http://[2409:8087:1a01:df::4077]:80/ottrrs.hl.chinamobile.com/PLTV/88888888/224/3221226341/index.m3u8, Date: None, Resolution: None, Response Time: 4029 ms
Name: 东南卫视, URL: http://[2409:8087:1a01:df::4077]/ottrrs.hl.chinamobile.com/PLTV/88888888/8/3221226341/index.m3u8, Date: None, Resolution: None, Response Time: 4029 ms
Name: 东南卫视, URL: http://[2409:8087:1a01:df::4077]/PLTV/88888888/224/3221226038/index.m3u8, Date: None, Resolution: None, Response Time: 4029 ms
Name: 东南卫视, URL: http://[2409:8087:1a01:df::4077]/PLTV/88888888/224/3221225950/index.m3u8, Date: None, Resolution: None, Response Time: 4029 ms
Name: 东南卫视, URL: http://[2409:8087:1a01:df::4077]/ottrrs.hl.chinamobile.com/PLTV/88888888/224/3221226341/1.m3u8?icpid=88888888&from=1&hms_devid=1012&vqe=3, Date: None, Resolution: None, Response Time: 4029 ms
Name: 贵州卫视, URL: http://[2409:8087:1a01:df::4077]/ottrrs.hl.chinamobile.com/PLTV/88888888/224/3221226474/1.m3u8?icpid=88888888&from=1&hms_devid=1012&vqe=3, Date: None, Resolution: None, Response Time: 4029 ms
Name: 贵州卫视, URL: http://[2409:8087:1a01:df::4077]:80/ottrrs.hl.chinamobile.com/PLTV/88888888/224/3221226474/index.m3u8, Date: None, Resolution: None, Response Time: 4029 ms
Name: 贵州卫视, URL: http://[2409:8087:1a01:df::4077]/ottrrs.hl.chinamobile.com/PLTV/88888888/8/3221226474/index.m3u8, Date: None, Resolution: None, Response Time: 4029 ms
Name: 贵州卫视, URL: http://[2409:8087:1a01:df::4077]/ottrrs.hl.chinamobile.com/yinhe/88888888/224/3221226474/index.m3u8, Date: None, Resolution: None, Response Time: 4029 ms
Name: 贵州卫视, URL: http://[2409:8087:1a01:df::4077]/ottrrs.hl.chinamobile.com/PLTV/88888888/224/3221226474/index.m3u8, Date: None, Resolution: None, Response Time: 4029 ms
Name: 贵州卫视, URL: http://[2409:8087:1a01:df::4077]/PLTV/88888888/224/3221225974/index.m3u8, Date: None, Resolution: None, Response Time: 4029 ms
Name: 贵州卫视, URL: http://[2409:8087:1a01:df::4077]/PLTV/88888888/224/3221226030/index.m3u8, Date: None, Resolution: None, Response Time: 4029 ms
Name: 贵州卫视, URL: http://[2409:8087:1a01:df::4077]/ottrrs.hl.chinamobile.com/PLTV/88888888/8/3221226383/index.m3u8, Date: None, Resolution: None, Response Time: 4029 ms
Name: 海南卫视, URL: http://[2409:8087:1a01:df::4077]/ottrrs.hl.chinamobile.com/PLTV/88888888/8/3221226465/index.m3u8, Date: None, Resolution: None, Response Time: 4029 ms
Name: 海南卫视, URL: http://[2409:8087:1a01:df::4077]/PLTV/88888888/224/3221225978/index.m3u8, Date: None, Resolution: None, Response Time: 4029 ms
Name: 海南卫视, URL: http://[2409:8087:1a01:df::4077]/ottrrs.hl.chinamobile.com/PLTV/88888888/224/3221226465/1.m3u8?icpid=88888888&from=1&hms_devid=1012&vqe=3, Date: None, Resolution: None, Response Time: 4029 ms
Name: 海南卫视, URL: http://[2409:8087:1a01:df::4077]/ottrrs.hl.chinamobile.com/PLTV/88888888/224/3221226465/index.m3u8, Date: None, Resolution: None, Response Time: 4029 ms
Name: 河北卫视, URL: http://[2409:8087:1a01:df::4077]/ottrrs.hl.chinamobile.com/PLTV/88888888/8/3221226406/index.m3u8, Date: None, Resolution: None, Response Time: 4029 ms
Name: 河北卫视, URL: http://[2409:8087:1a01:df::4077]/ottrrs.hl.chinamobile.com/PLTV/88888888/224/3221226406/index.m3u8, Date: None, Resolution: None, Response Time: 4029 ms
Name: 河北卫视, URL: http://[2409:8087:1a01:df::4077]/PLTV/88888888/224/3221225991/index.m3u8, Date: None, Resolution: None, Response Time: 4029 ms
Name: 河北卫视, URL: http://[2409:8087:1a01:df::4077]/PLTV/88888888/224/3221225961/index.m3u8, Date: None, Resolution: None, Response Time: 4029 ms
Name: 河北卫视, URL: http://[2409:8087:1a01:df::4077]/ottrrs.hl.chinamobile.com/PLTV/88888888/224/3221226406/1.m3u8?icpid=88888888&from=1&hms_devid=1012&vqe=3, Date: None, Resolution: None, Response Time: 4029 ms
Name: 河南卫视, URL: http://[2409:8087:1a01:df::4077]:80/ottrrs.hl.chinamobile.com/PLTV/88888888/224/3221226480/index.m3u8, Date: None, Resolution: None, Response Time: 4029 ms
Name: 河南卫视, URL: http://[2409:8087:1a01:df::4077]/ottrrs.hl.chinamobile.com/PLTV/88888888/224/3221226480/index.m3u8, Date: None, Resolution: None, Response Time: 4029 ms
Name: 河南卫视, URL: http://[2409:8087:1a01:df::4077]/ottrrs.hl.chinamobile.com/yinhe/88888888/224/3221226480/index.m3u8, Date: None, Resolution: None, Response Time: 4029 ms
Name: 河南卫视, URL: http://[2409:8087:1a01:df::4077]/ottrrs.hl.chinamobile.com/PLTV/88888888/8/3221226320/index.m3u8, Date: None, Resolution: None, Response Time: 4029 ms
Name: 河南卫视, URL: http://[2409:8087:1a01:df::4077]/ottrrs.hl.chinamobile.com/PLTV/88888888/8/3221226480/index.m3u8, Date: None, Resolution: None, Response Time: 4029 ms
Name: 河南卫视, URL: http://[2409:8087:1a01:df::4077]/PLTV/88888888/224/3221226023/index.m3u8, Date: None, Resolution: None, Response Time: 4029 ms
Name: 河南卫视, URL: http://[2409:8087:1a01:df::4077]/PLTV/88888888/224/3221225988/index.m3u8, Date: None, Resolution: None, Response Time: 4029 ms
Name: 河南卫视, URL: http://[2409:8087:1a01:df::4077]/ottrrs.hl.chinamobile.com/PLTV/88888888/224/3221226480/1.m3u8?icpid=88888888&from=1&hms_devid=1012&vqe=3, Date: None, Resolution: None, Response Time: 4029 ms
Name: 吉林卫视, URL: http://[2409:8087:1a01:df::4077]/ottrrs.hl.chinamobile.com/PLTV/88888888/8/3221226397/index.m3u8, Date: None, Resolution: None, Response Time: 4029 ms
Name: 吉林卫视, URL: http://[2409:8087:1a01:df::4077]/ottrrs.hl.chinamobile.com/yinhe/88888888/8/3221226397/index.m3u8, Date: None, Resolution: None, Response Time: 4029 ms
Name: 吉林卫视, URL: http://[2409:8087:1a01:df::4077]/PLTV/88888888/224/3221226013/index.m3u8, Date: None, Resolution: None, Response Time: 4029 ms
Name: 吉林卫视, URL: http://[2409:8087:1a01:df::4077]/PLTV/88888888/224/3221225981/index.m3u8, Date: None, Resolution: None, Response Time: 4029 ms
Name: 吉林卫视, URL: http://[2409:8087:1a01:df::4077]/ottrrs.hl.chinamobile.com/PLTV/88888888/224/3221226397/index.m3u8, Date: None, Resolution: None, Response Time: 4029 ms
Name: 吉林卫视, URL: http://[2409:8087:1a01:df::4077]/ottrrs.hl.chinamobile.com/PLTV/88888888/224/3221226397/1.m3u8?icpid=88888888&from=1&hms_devid=1012&vqe=3, Date: None, Resolution: None, Response Time: 4029 ms
Name: 江苏卫视, URL: http://[2409:8087:1a01:df::4077]/ottrrs.hl.chinamobile.com/yinhe/88888888/224/3221226310/index.m3u8, Date: None, Resolution: None, Response Time: 4029 ms
Name: 江苏卫视, URL: http://[2409:8087:1a01:df::4077]/ottrrs.hl.chinamobile.com/PLTV/88888888/224/3221226310/index.m3u8, Date: None, Resolution: None, Response Time: 4029 ms
Name: 江苏卫视, URL: http://[2409:8087:1a01:df::4077]/ottrrs.hl.chinamobile.com/PLTV/88888888/8/3221226310/index.m3u8, Date: None, Resolution: None, Response Time: 4029 ms
Name: 江苏卫视, URL: http://[2409:8087:1a01:df::4077]:80/ottrrs.hl.chinamobile.com/PLTV/88888888/224/3221226310/index.m3u8, Date: None, Resolution: None, Response Time: 4029 ms
Name: 江苏卫视, URL: http://[2409:8087:1a01:df::4077]/PLTV/88888888/224/3221225929/index.m3u8, Date: None, Resolution: None, Response Time: 4029 ms
Name: 江苏卫视, URL: http://[2409:8087:1a01:df::4077]/PLTV/88888888/224/3221225938/index.m3u8, Date: None, Resolution: None, Response Time: 4029 ms
Name: 江西卫视, URL: http://[2409:8087:1a01:df::4077]:80/ottrrs.hl.chinamobile.com/PLTV/88888888/224/3221226344/index.m3u8, Date: None, Resolution: None, Response Time: 4029 ms
Name: 江西卫视, URL: http://[2409:8087:1a01:df::4077]/ottrrs.hl.chinamobile.com/PLTV/88888888/8/3221226344/index.m3u8, Date: None, Resolution: None, Response Time: 4029 ms
Name: 江西卫视, URL: http://[2409:8087:1a01:df::4077]/ottrrs.hl.chinamobile.com/yinhe/88888888/224/3221226344/index.m3u8, Date: None, Resolution: None, Response Time: 4029 ms
Name: 江西卫视, URL: http://[2409:8087:1a01:df::4077]/ottrrs.hl.chinamobile.com/PLTV/88888888/224/3221226344/index.m3u8, Date: None, Resolution: None, Response Time: 4029 ms
Name: 江西卫视, URL: http://[2409:8087:1a01:df::4077]/ottrrs.hl.chinamobile.com/PLTV/88888888/8/3221226504/index.m3u8, Date: None, Resolution: None, Response Time: 4029 ms
Name: 江西卫视, URL: http://[2409:8087:1a01:df::4077]/PLTV/88888888/224/3221225935/index.m3u8, Date: None, Resolution: None, Response Time: 4029 ms
Name: 江西卫视, URL: http://[2409:8087:1a01:df::4077]/ottrrs.hl.chinamobile.com/PLTV/88888888/224/3221226344/1.m3u8?icpid=88888888&from=1&hms_devid=1012&vqe=3, Date: None, Resolution: None, Response Time: 4029 ms
Name: 辽宁卫视, URL: http://[2409:8087:1a01:df::4077]/ottrrs.hl.chinamobile.com/PLTV/88888888/8/3221226254/index.m3u8, Date: None, Resolution: None, Response Time: 4029 ms
Name: 内蒙古卫视, URL: http://[2409:8087:1a01:df::4077]/ottrrs.hl.chinamobile.com/PLTV/88888888/8/3221226389/index.m3u8, Date: None, Resolution: None, Response Time: 4029 ms
Name: 宁夏卫视, URL: http://[2409:8087:1a01:df::4077]:80/ottrrs.hl.chinamobile.com/PLTV/88888888/8/3221226454/index.m3u8, Date: None, Resolution: None, Response Time: 4029 ms
Name: 宁夏卫视, URL: http://[2409:8087:1a01:df::4077]:80/ottrrs.hl.chinamobile.com/TVOD/88888888/8/3221226454/index.m3u8, Date: None, Resolution: None, Response Time: 4029 ms
Name: 宁夏卫视, URL: http://[2409:8087:1a01:df::4077]/ottrrs.hl.chinamobile.com/PLTV/88888888/8/3221226454/index.m3u8, Date: None, Resolution: None, Response Time: 4029 ms
Name: 青海卫视, URL: http://[2409:8087:1a01:df::4077]/ottrrs.hl.chinamobile.com/PLTV/88888888/8/3221226323/index.m3u8, Date: None, Resolution: None, Response Time: 4029 ms
Name: 山东卫视, URL: http://[2409:8087:1a01:df::4077]/ottrrs.hl.chinamobile.com/PLTV/88888888/8/3221226456/index.m3u8, Date: None, Resolution: None, Response Time: 4029 ms
Name: 山东卫视, URL: http://[2409:8087:1a01:df::4077]:80/ottrrs.hl.chinamobile.com/PLTV/88888888/224/3221226456/index.m3u8, Date: None, Resolution: None, Response Time: 4029 ms
Name: 山东卫视, URL: http://[2409:8087:1a01:df::4077]/ottrrs.hl.chinamobile.com/PLTV/88888888/224/3221226456/index.m3u8, Date: None, Resolution: None, Response Time: 4029 ms
Name: 山东卫视, URL: http://[2409:8087:1a01:df::4077]/ottrrs.hl.chinamobile.com/yinhe/88888888/224/3221226456/index.m3u8, Date: None, Resolution: None, Response Time: 4029 ms
Name: 山东卫视, URL: http://[2409:8087:1a01:df::4077]/PLTV/88888888/224/3221225952/index.m3u8, Date: None, Resolution: None, Response Time: 4029 ms
Name: 山东卫视, URL: http://[2409:8087:1a01:df::4077]/ottrrs.hl.chinamobile.com/PLTV/88888888/224/3221226456/1.m3u8?icpid=88888888&from=1&hms_devid=1012&vqe=3, Date: None, Resolution: None, Response Time: 4029 ms
Name: 山西卫视, URL: http://[2409:8087:1a01:df::4077]/ottrrs.hl.chinamobile.com/PLTV/88888888/8/3221226392/index.m3u8, Date: None, Resolution: None, Response Time: 4029 ms
Name: 山西卫视, URL: http://[2409:8087:1a01:df::4077]/PLTV/88888888/224/3221226009/index.m3u8, Date: None, Resolution: None, Response Time: 4029 ms
Name: 陕西卫视, URL: http://[2409:8087:1a01:df::4077]/PLTV/88888888/224/3221225989/index.m3u8, Date: None, Resolution: None, Response Time: 4029 ms
Name: 陕西卫视, URL: http://[2409:8087:1a01:df::4077]/ottrrs.hl.chinamobile.com/PLTV/88888888/8/3221226457/index.m3u8, Date: None, Resolution: None, Response Time: 4029 ms
Name: 四川卫视, URL: http://[2409:8087:1a01:df::4077]/ottrrs.hl.chinamobile.com/PLTV/88888888/224/3221226338/index.m3u8, Date: None, Resolution: None, Response Time: 4029 ms
Name: 四川卫视, URL: http://[2409:8087:1a01:df::4077]/ottrrs.hl.chinamobile.com/PLTV/88888888/8/3221226338/index.m3u8, Date: None, Resolution: None, Response Time: 4029 ms
Name: 四川卫视, URL: http://[2409:8087:1a01:df::4077]:80/ottrrs.hl.chinamobile.com/PLTV/88888888/224/3221226338/index.m3u8, Date: None, Resolution: None, Response Time: 4029 ms
Name: 四川卫视, URL: http://[2409:8087:1a01:df::4077]/ottrrs.hl.chinamobile.com/yinhe/88888888/224/3221226338/index.m3u8, Date: None, Resolution: None, Response Time: 4029 ms
Name: 四川卫视, URL: http://[2409:8087:1a01:df::4077]/PLTV/88888888/224/3221225970/index.m3u8, Date: None, Resolution: None, Response Time: 4029 ms
Name: 四川卫视, URL: http://[2409:8087:1a01:df::4077]/ottrrs.hl.chinamobile.com/PLTV/88888888/224/3221226338/1.m3u8?icpid=88888888&from=1&hms_devid=1012&vqe=3, Date: None, Resolution: None, Response Time: 4029 ms
Name: 深圳卫视, URL: http://[2409:8087:1a01:df::4077]/ottrrs.hl.chinamobile.com/yinhe/88888888/224/3221226313/index.m3u8, Date: None, Resolution: None, Response Time: 4029 ms
Name: 深圳卫视, URL: http://[2409:8087:1a01:df::4077]/ottrrs.hl.chinamobile.com/PLTV/88888888/224/3221226313/index.m3u8, Date: None, Resolution: None, Response Time: 4029 ms
Name: 深圳卫视, URL: http://[2409:8087:1a01:df::4077]/ottrrs.hl.chinamobile.com/PLTV/88888888/8/3221226313/index.m3u8, Date: None, Resolution: None, Response Time: 4029 ms
Name: 深圳卫视, URL: http://[2409:8087:1a01:df::4077]/PLTV/88888888/224/3221225997/index.m3u8, Date: None, Resolution: None, Response Time: 4029 ms
Name: 深圳卫视, URL: http://[2409:8087:1a01:df::4077]/PLTV/88888888/224/3221225943/index.m3u8, Date: None, Resolution: None, Response Time: 4029 ms
Name: 深圳卫视, URL: http://[2409:8087:1a01:df::4077]:80/ottrrs.hl.chinamobile.com/PLTV/88888888/224/3221226313/index.m3u8, Date: None, Resolution: None, Response Time: 4029 ms
Name: 深圳卫视, URL: http://[2409:8087:1a01:df::4077]/ottrrs.hl.chinamobile.com/PLTV/88888888/8/3221226510/index.m3u8, Date: None, Resolution: None, Response Time: 4029 ms
Name: 深圳卫视, URL: http://[2409:8087:1a01:df::4077]/ottrrs.hl.chinamobile.com/PLTV/88888888/224/3221226313/1.m3u8?icpid=88888888&from=1&hms_devid=1012&vqe=3, Date: None, Resolution: None, Response Time: 4029 ms
Name: 天津卫视, URL: http://[2409:8087:1a01:df::4077]/ottrrs.hl.chinamobile.com/PLTV/88888888/224/3221226459/index.m3u8, Date: None, Resolution: None, Response Time: 4029 ms
Name: 天津卫视, URL: http://[2409:8087:1a01:df::4077]/ottrrs.hl.chinamobile.com/PLTV/88888888/8/3221226459/index.m3u8, Date: None, Resolution: None, Response Time: 4029 ms
Name: 天津卫视, URL: http://[2409:8087:1a01:df::4077]:80/ottrrs.hl.chinamobile.com/PLTV/88888888/224/3221226459/index.m3u8, Date: None, Resolution: None, Response Time: 4029 ms
Name: 天津卫视, URL: http://[2409:8087:1a01:df::4077]/ottrrs.hl.chinamobile.com/yinhe/88888888/224/3221226459/index.m3u8, Date: None, Resolution: None, Response Time: 4029 ms
Name: 天津卫视, URL: http://[2409:8087:1a01:df::4077]/PLTV/88888888/224/3221225972/index.m3u8, Date: None, Resolution: None, Response Time: 4029 ms
Name: 天津卫视, URL: http://[2409:8087:1a01:df::4077]/ottrrs.hl.chinamobile.com/PLTV/88888888/224/3221226459/1.m3u8?icpid=88888888&from=1&hms_devid=1012&vqe=3, Date: None, Resolution: None, Response Time: 4029 ms
Name: 天津卫视, URL: http://[2409:8087:1a01:df::4077]/ottrrs.hl.chinamobile.com/PLTV/88888888/8/3221226395/index.m3u8, Date: None, Resolution: None, Response Time: 4029 ms
Name: 西藏卫视, URL: http://[2409:8087:1a01:df::4077]/ottrrs.hl.chinamobile.com/PLTV/88888888/8/3221226433/index.m3u8, Date: None, Resolution: None, Response Time: 4029 ms
Name: 新疆卫视, URL: http://[2409:8087:1a01:df::4077]/ottrrs.hl.chinamobile.com/PLTV/88888888/8/3221226460/index.m3u8, Date: None, Resolution: None, Response Time: 4029 ms
Name: 云南卫视, URL: http://[2409:8087:1a01:df::4077]/ottrrs.hl.chinamobile.com/PLTV/88888888/8/3221226444/index.m3u8, Date: None, Resolution: None, Response Time: 4029 ms
